2022-08-02 18:00:38,604 INFO com.nttdata.bancamicroservices.BancaMicroservicesApplication [restartedMain] Starting BancaMicroservicesApplication using Java 11.0.15 on LIM-DCP03F3 with PID 70476 (C:\Users\ppachaso\Documents\CURSO JAVA BOOTCAMP\BC27\banca-microservices\target\classes started by ppachaso in C:\Users\ppachaso\Documents\CURSO JAVA BOOTCAMP\BC27\banca-microservices)
2022-08-02 18:00:38,607 DEBUG com.nttdata.bancamicroservices.BancaMicroservicesApplication [restartedMain] Running with Spring Boot v2.6.9, Spring v5.3.21
2022-08-02 18:00:38,609 INFO com.nttdata.bancamicroservices.BancaMicroservicesApplication [restartedMain] No active profile set, falling back to 1 default profile: "default"
2022-08-02 18:06:26,076 INFO com.nttdata.bancamicroservices.BancaMicroservicesApplication [restartedMain] Starting BancaMicroservicesApplication using Java 11.0.15 on LIM-DCP03F3 with PID 69732 (C:\Users\ppachaso\Documents\CURSO JAVA BOOTCAMP\BC27\banca-microservices\target\classes started by ppachaso in C:\Users\ppachaso\Documents\CURSO JAVA BOOTCAMP\BC27\banca-microservices)
2022-08-02 18:06:26,079 DEBUG com.nttdata.bancamicroservices.BancaMicroservicesApplication [restartedMain] Running with Spring Boot v2.6.9, Spring v5.3.21
2022-08-02 18:06:26,079 INFO com.nttdata.bancamicroservices.BancaMicroservicesApplication [restartedMain] No active profile set, falling back to 1 default profile: "default"
2022-08-02 18:07:58,291 INFO com.nttdata.bancamicroservices.BancaMicroservicesApplication [restartedMain] Starting BancaMicroservicesApplication using Java 11.0.15 on LIM-DCP03F3 with PID 56996 (C:\Users\ppachaso\Documents\CURSO JAVA BOOTCAMP\BC27\banca-microservices\target\classes started by ppachaso in C:\Users\ppachaso\Documents\CURSO JAVA BOOTCAMP\BC27\banca-microservices)
2022-08-02 18:07:58,295 DEBUG com.nttdata.bancamicroservices.BancaMicroservicesApplication [restartedMain] Running with Spring Boot v2.7.1, Spring v5.3.21
2022-08-02 18:07:58,296 INFO com.nttdata.bancamicroservices.BancaMicroservicesApplication [restartedMain] No active profile set, falling back to 1 default profile: "default"
2022-08-02 18:11:18,845 INFO com.nttdata.bancamicroservices.BancaMicroservicesApplication [restartedMain] Starting BancaMicroservicesApplication using Java 11.0.15 on LIM-DCP03F3 with PID 72076 (C:\Users\ppachaso\Documents\CURSO JAVA BOOTCAMP\BC27\banca-microservices\target\classes started by ppachaso in C:\Users\ppachaso\Documents\CURSO JAVA BOOTCAMP\BC27\banca-microservices)
2022-08-02 18:11:18,848 DEBUG com.nttdata.bancamicroservices.BancaMicroservicesApplication [restartedMain] Running with Spring Boot v2.7.1, Spring v5.3.21
2022-08-02 18:11:18,849 INFO com.nttdata.bancamicroservices.BancaMicroservicesApplication [restartedMain] No active profile set, falling back to 1 default profile: "default"
2022-08-02 18:16:50,089 INFO com.nttdata.bancamicroservices.BancaMicroservicesApplication [restartedMain] Starting BancaMicroservicesApplication using Java 11.0.15 on LIM-DCP03F3 with PID 64724 (C:\Users\ppachaso\Documents\CURSO JAVA BOOTCAMP\BC27\banca-microservices\target\classes started by ppachaso in C:\Users\ppachaso\Documents\CURSO JAVA BOOTCAMP\BC27\banca-microservices)
2022-08-02 18:16:50,094 DEBUG com.nttdata.bancamicroservices.BancaMicroservicesApplication [restartedMain] Running with Spring Boot v2.7.1, Spring v5.3.21
2022-08-02 18:16:50,095 INFO com.nttdata.bancamicroservices.BancaMicroservicesApplication [restartedMain] No active profile set, falling back to 1 default profile: "default"
2022-08-02 18:27:00,074 INFO com.nttdata.bancamicroservices.BancaMicroservicesApplication [restartedMain] Starting BancaMicroservicesApplication using Java 11.0.15 on LIM-DCP03F3 with PID 71944 (C:\Users\ppachaso\Documents\CURSO JAVA BOOTCAMP\BC27\banca-microservices\target\classes started by ppachaso in C:\Users\ppachaso\Documents\CURSO JAVA BOOTCAMP\BC27\banca-microservices)
2022-08-02 18:27:00,076 DEBUG com.nttdata.bancamicroservices.BancaMicroservicesApplication [restartedMain] Running with Spring Boot v2.7.1, Spring v5.3.21
2022-08-02 18:27:00,077 INFO com.nttdata.bancamicroservices.BancaMicroservicesApplication [restartedMain] No active profile set, falling back to 1 default profile: "default"
2022-08-02 18:33:18,541 INFO com.nttdata.bancamicroservices.BancaMicroservicesApplication [restartedMain] Starting BancaMicroservicesApplication using Java 11.0.15 on LIM-DCP03F3 with PID 72768 (C:\Users\ppachaso\Documents\CURSO JAVA BOOTCAMP\BC27\banca-microservices\target\classes started by ppachaso in C:\Users\ppachaso\Documents\CURSO JAVA BOOTCAMP\BC27\banca-microservices)
2022-08-02 18:33:18,544 DEBUG com.nttdata.bancamicroservices.BancaMicroservicesApplication [restartedMain] Running with Spring Boot v2.7.1, Spring v5.3.21
2022-08-02 18:33:18,545 INFO com.nttdata.bancamicroservices.BancaMicroservicesApplication [restartedMain] No active profile set, falling back to 1 default profile: "default"
2022-08-02 18:33:23,373 INFO com.nttdata.bancamicroservices.BancaMicroservicesApplication [restartedMain] Started BancaMicroservicesApplication in 5.858 seconds (JVM running for 6.648)
2022-08-02 18:33:45,153 INFO com.nttdata.bancamicroservices.api.CustomerController [reactor-http-nio-3] createCustomer 200 OK
2022-08-02 18:33:45,174 DEBUG com.nttdata.bancamicroservices.api.CustomerController [reactor-http-nio-3] Customer(customerId=00006, lastName=Obando, firstName=Rosa, dni=47045092, age=50, birthday=Thu Jan 13 06:20:00 COT 2022, customerType=PERSONAL)
2022-08-02 18:34:14,448 INFO com.nttdata.bancamicroservices.api.CustomerController [reactor-http-nio-3] createCustomer 200 OK
2022-08-02 18:34:14,448 DEBUG com.nttdata.bancamicroservices.api.CustomerController [reactor-http-nio-3] Customer(customerId=00007, lastName=Obando, firstName=Rosa, dni=47045092, age=50, birthday=Thu Jan 13 06:20:00 COT 2022, customerType=PERSONAL)
